<?xml version="1.0" encoding="UTF-8"?>
<testng-results skipped="0" failed="0" ignored="0" total="1" passed="1">
  <reporter-output>
  </reporter-output>
  <suite name="Suite" duration-ms="14752" started-at="2020-11-02T17:48:06Z" finished-at="2020-11-02T17:48:21Z">
    <groups>
    </groups>
    <test name="Test" duration-ms="14752" started-at="2020-11-02T17:48:06Z" finished-at="2020-11-02T17:48:21Z">
      <class name="Test2">
        <test-method status="PASS" signature="verifyPageTitle()[pri:0, instance:Test2@74a10858]" name="verifyPageTitle" duration-ms="14705" started-at="2020-11-02T17:48:06Z" finished-at="2020-11-02T17:48:21Z">
          <reporter-output>
          </reporter-output>
        </test-method> <!-- verifyPageTitle -->
      </class> <!-- Test2 -->
    </test> <!-- Test -->
  </suite> <!-- Suite -->
</testng-results>
