<?xml version="1.0" encoding="UTF-8"?>
<testng-results skipped="0" failed="0" ignored="0" total="1" passed="1">
  <reporter-output>
  </reporter-output>
  <suite name="Suite" duration-ms="20367" started-at="2020-11-02T13:08:29Z" finished-at="2020-11-02T13:08:50Z">
    <groups>
    </groups>
    <test name="Test" duration-ms="20367" started-at="2020-11-02T13:08:29Z" finished-at="2020-11-02T13:08:50Z">
      <class name="Test1">
        <test-method status="PASS" signature="testAmazonTitle()[pri:0, instance:Test1@23fe1d71]" name="testAmazonTitle" duration-ms="20271" started-at="2020-11-02T13:08:30Z" finished-at="2020-11-02T13:08:50Z">
          <reporter-output>
          </reporter-output>
        </test-method> <!-- testAmazonTitle -->
      </class> <!-- Test1 -->
    </test> <!-- Test -->
  </suite> <!-- Suite -->
</testng-results>
