<?xml version="1.0" encoding="UTF-8"?>
<!-- Generated by org.testng.reporters.JUnitXMLReporter -->
<testsuite hostname="Amol-PC" ignored="0" tests="4" failures="1" timestamp="01 Nov 2020 10:10:11 GMT" time="47.167" errors="0">
  <testcase name="verifyAmazonTitle" time="13.631" classname="Test2">
    <skipped/>
  </testcase> <!-- verifyAmazonTitle -->
  <testcase name="verifyAmazonTitle" time="11.815" classname="Test2">
    <skipped/>
  </testcase> <!-- verifyAmazonTitle -->
  <testcase name="verifyAmazonTitle" time="11.94" classname="Test2">
    <failure type="java.lang.AssertionError" message="expected [true] but found [false]">
      <![CDATA[java.lang.AssertionError: expected [true] but found [false]
at Test2.verifyAmazonTitle(Test2.java:19)
... Removed 29 stack frames]]>
    </failure>
  </testcase> <!-- verifyAmazonTitle -->
  <testcase name="verifyGoogleTitle" time="9.682" classname="Test2"/>
</testsuite>
