<?xml version="1.0" encoding="UTF-8"?>
<!-- Generated by org.testng.reporters.JUnitXMLReporter -->
<testsuite hostname="Amol-PC" ignored="0" tests="3" failures="1" timestamp="02 Nov 2020 06:53:37 GMT" time="38.324" errors="0">
  <testcase name="verifyAmazonTitle" time="15.047" classname="Test2">
    <skipped/>
  </testcase> <!-- verifyAmazonTitle -->
  <testcase name="verifyAmazonTitle" time="12.285" classname="Test2">
    <skipped/>
  </testcase> <!-- verifyAmazonTitle -->
  <testcase name="verifyAmazonTitle" time="10.85" classname="Test2">
    <failure type="java.lang.AssertionError" message="expected [true] but found [false]">
      <![CDATA[java.lang.AssertionError: expected [true] but found [false]
at Test2.verifyAmazonTitle(Test2.java:19)
... Removed 29 stack frames]]>
    </failure>
  </testcase> <!-- verifyAmazonTitle -->
</testsuite>
